app/build/outputs/logs/manifest-merger-debug-report.txt
-- Merging decision tree log ---
manifest
ADDED from src/main/AndroidManifest.xml:2:1-45:12
	package
		ADDED from src/main/AndroidManifest.xml:3:5-30
		INJECTED from src/main/AndroidManifest.xml
		INJECTED from src/main/AndroidManifest.xml
	android:versionName
		INJECTED from src/main/AndroidManifest.xml
		INJECTED from src/main/AndroidManifest.xml
	xmlns:tools
		ADDED from src/main/AndroidManifest.xml:4:5-51
	xmlns:android
		ADDED from src/main/AndroidManifest.xml:2:11-69
	android:versionCode
		INJECTED from src/main/AndroidManifest.xml
		INJECTED from src/main/AndroidManifest.xml
uses-permission#android.permission.INTERNET
ADDED from src/main/AndroidManifest.xml:6:5-67
	android:name
		ADDED from src/main/AndroidManifest.xml:6:22-64
uses-permission#android.permission.ACCESS_NETWORK_STATE
ADDED from src/main/AndroidManifest.xml:7:5-79
	android:name
		ADDED from src/main/AndroidManifest.xml:7:22-76
uses-permission#android.permission.WAKE_LOCK
ADDED from src/main/AndroidManifest.xml:8:5-68
MERGED from [EnergyDroid:energylib:unspecified] AndroidManifest.xml:11:5-68
	android:name
		ADDED from src/main/AndroidManifest.xml:8:22-65
uses-permission#android.permission.WRITE_EXTERNAL_STORAGE
ADDED from src/main/AndroidManifest.xml:9:5-81
	android:name
		ADDED from src/main/AndroidManifest.xml:9:22-78
application
ADDED from src/main/AndroidManifest.xml:11:5-40:19
MERGED from [com.android.support:appcompat-v7:23.1.1] AndroidManifest.xml:22:5-20
MERGED from [com.android.support:support-v4:23.1.1] AndroidManifest.xml:22:5-20
MERGED from [EnergyDroid:energylib:unspecified] AndroidManifest.xml:14:5-23:19
MERGED from [com.android.support:appcompat-v7:23.1.1] AndroidManifest.xml:22:5-20
MERGED from [com.android.support:support-v4:23.1.1] AndroidManifest.xml:22:5-20
	android:label
		ADDED from src/main/AndroidManifest.xml:15:9-41
	android:supportsRtl
		ADDED from src/main/AndroidManifest.xml:16:9-35
	android:allowBackup
		ADDED from src/main/AndroidManifest.xml:13:9-35
	android:icon
		ADDED from src/main/AndroidManifest.xml:14:9-43
	android:theme
		ADDED from src/main/AndroidManifest.xml:17:9-40
	tools:replace
		ADDED from src/main/AndroidManifest.xml:12:9-51
activity#com.example.just_me.testapp.MainActivity
ADDED from src/main/AndroidManifest.xml:19:9-25:20
	android:name
		ADDED from src/main/AndroidManifest.xml:19:19-74
intent-filter#android.intent.action.MAIN+android.intent.category.LAUNCHER
ADDED from src/main/AndroidManifest.xml:20:13-24:29
action#android.intent.action.MAIN
ADDED from src/main/AndroidManifest.xml:21:17-69
	android:name
		ADDED from src/main/AndroidManifest.xml:21:25-66
category#android.intent.category.LAUNCHER
ADDED from src/main/AndroidManifest.xml:23:17-77
	android:name
		ADDED from src/main/AndroidManifest.xml:23:27-74
service#com.example.just_me.testapp.NetworkService
ADDED from src/main/AndroidManifest.xml:27:9-28:38
	android:enabled
		ADDED from src/main/AndroidManifest.xml:28:13-35
	android:name
		ADDED from src/main/AndroidManifest.xml:27:18-75
receiver#com.example.just_me.testapp.Receiver
ADDED from src/main/AndroidManifest.xml:30:9-38:20
	android:enabled
		ADDED from src/main/AndroidManifest.xml:31:13-35
	android:permission
		ADDED from src/main/AndroidManifest.xml:33:13-75
	android:name
		ADDED from src/main/AndroidManifest.xml:32:13-64
intent-filter#android.intent.action.BOOT_COMPLETED+android.intent.category.DEFAULT
ADDED from src/main/AndroidManifest.xml:34:13-37:29
action#android.intent.action.BOOT_COMPLETED
ADDED from src/main/AndroidManifest.xml:35:17-79
	android:name
		ADDED from src/main/AndroidManifest.xml:35:25-76
category#android.intent.category.DEFAULT
ADDED from src/main/AndroidManifest.xml:36:17-76
	android:name
		ADDED from src/main/AndroidManifest.xml:36:27-73
uses-sdk
INJECTED from src/main/AndroidManifest.xml reason: use-sdk injection requested
MERGED from [com.android.support:appcompat-v7:23.1.1] AndroidManifest.xml:20:5-43
MERGED from [com.android.support:support-v4:23.1.1] AndroidManifest.xml:20:5-43
MERGED from [EnergyDroid:energylib:unspecified] AndroidManifest.xml:7:5-9:41
MERGED from [com.android.support:appcompat-v7:23.1.1] AndroidManifest.xml:20:5-43
MERGED from [com.android.support:support-v4:23.1.1] AndroidManifest.xml:20:5-43
	android:targetSdkVersion
		INJECTED from src/main/AndroidManifest.xml
		INJECTED from src/main/AndroidManifest.xml
	android:minSdkVersion
		INJECTED from src/main/AndroidManifest.xml
		INJECTED from src/main/AndroidManifest.xml
uses-permission#android.permission.RECEIVE_BOOT_COMPLETED
ADDED from [EnergyDroid:energylib:unspecified] AndroidManifest.xml:12:5-81
	android:name
		ADDED from [EnergyDroid:energylib:unspecified] AndroidManifest.xml:12:22-78
receiver#eac.energylib.SocketHolder$Receiver
ADDED from [EnergyDroid:energylib:unspecified] AndroidManifest.xml:18:9-22:20
	android:name
		ADDED from [EnergyDroid:energylib:unspecified] AndroidManifest.xml:18:19-69
intent-filter#RELEASE_BUCKET
ADDED from [EnergyDroid:energylib:unspecified] AndroidManifest.xml:19:13-21:29
action#RELEASE_BUCKET
ADDED from [EnergyDroid:energylib:unspecified] AndroidManifest.xml:20:17-57
	android:name
		ADDED from [EnergyDroid:energylib:unspecified] AndroidManifest.xml:20:25-54